b:\users\xavier\git\pld_comp\pld_comp\debug\vc141.pdb
b:\users\xavier\git\pld_comp\pld_comp\debug\vc141.idb
b:\users\xavier\git\pld_comp\pld_comp\debug\elsebloc.obj
b:\users\xavier\git\pld_comp\pld_comp\debug\programme.obj
b:\users\xavier\git\pld_comp\pld_comp\debug\instructionreturn.obj
b:\users\xavier\git\pld_comp\pld_comp\debug\instructioninit.obj
b:\users\xavier\git\pld_comp\pld_comp\debug\instructionexpr.obj
b:\users\xavier\git\pld_comp\pld_comp\debug\instructiondeclaration.obj
b:\users\xavier\git\pld_comp\pld_comp\debug\instruction.obj
b:\users\xavier\git\pld_comp\pld_comp\debug\varglobaleinitialisation.obj
b:\users\xavier\git\pld_comp\pld_comp\debug\varglobaledeclaration.obj
b:\users\xavier\git\pld_comp\pld_comp\debug\varglobale.obj
b:\users\xavier\git\pld_comp\pld_comp\debug\initialisationtab.obj
b:\users\xavier\git\pld_comp\pld_comp\debug\initialisation.obj
b:\users\xavier\git\pld_comp\pld_comp\debug\declarationtab.obj
b:\users\xavier\git\pld_comp\pld_comp\debug\declaration.obj
b:\users\xavier\git\pld_comp\pld_comp\debug\affectation.obj
b:\users\xavier\git\pld_comp\pld_comp\debug\parametredefinition.obj
b:\users\xavier\git\pld_comp\pld_comp\debug\parametre.obj
b:\users\xavier\git\pld_comp\pld_comp\debug\definition.obj
b:\users\xavier\git\pld_comp\pld_comp\debug\bloc.obj
b:\users\xavier\git\pld_comp\pld_comp\debug\val.obj
b:\users\xavier\git\pld_comp\pld_comp\debug\parametreappel.obj
b:\users\xavier\git\pld_comp\pld_comp\debug\operationunaire.obj
b:\users\xavier\git\pld_comp\pld_comp\debug\operationbinaire.obj
b:\users\xavier\git\pld_comp\pld_comp\debug\operation.obj
b:\users\xavier\git\pld_comp\pld_comp\debug\nametab.obj
b:\users\xavier\git\pld_comp\pld_comp\debug\name.obj
b:\users\xavier\git\pld_comp\pld_comp\debug\exprappel.obj
b:\users\xavier\git\pld_comp\pld_comp\debug\expr.obj
b:\users\xavier\git\pld_comp\pld_comp\debug\char.obj
b:\users\xavier\git\pld_comp\pld_comp\debug\affectationunaire.obj
b:\users\xavier\git\pld_comp\pld_comp\debug\affectationbinaire.obj
b:\users\xavier\git\pld_comp\pld_comp\debug\structurewhile.obj
b:\users\xavier\git\pld_comp\pld_comp\debug\structureif.obj
b:\users\xavier\git\pld_comp\pld_comp\debug\structurecontrole.obj
b:\users\xavier\git\pld_comp\pld_comp\debug\leftvalue.obj
b:\users\xavier\git\pld_comp\pld_comp\debug\instructioncontrole.obj
b:\users\xavier\git\pld_comp\pld_comp\debug\instructionbreak.obj
b:\users\xavier\git\pld_comp\pld_comp\debug\pld_comp.tlog\cl.command.1.tlog
b:\users\xavier\git\pld_comp\pld_comp\debug\pld_comp.tlog\cl.read.1.tlog
b:\users\xavier\git\pld_comp\pld_comp\debug\pld_comp.tlog\cl.write.1.tlog
